<?xml version="1.0" encoding="UTF-8"?>
<testsuite name="demoapp.DemoappApplicationTests" tests="1" skipped="0" failures="0" errors="0" timestamp="2015-08-17T16:18:12" hostname="djubuntuvm" time="0.008">
  <properties/>
  <testcase name="contextLoads" classname="demoapp.DemoappApplicationTests" time="0.008"/>
  <system-out><![CDATA[11:18:01.828 [Test worker] DEBUG o.s.t.c.j.SpringJUnit4ClassRunner - SpringJUnit4ClassRunner constructor called with [class demoapp.DemoappApplicationTests].
11:18:01.846 [Test worker] DEBUG o.s.test.context.BootstrapUtils - Instantiating TestContextBootstrapper from class [org.springframework.test.context.web.WebTestContextBootstrapper]
11:18:01.874 [Test worker] DEBUG o.s.t.c.w.WebTestContextBootstrapper - Found explicit ContextLoader class [org.springframework.boot.test.SpringApplicationContextLoader] for context configuration attributes [ContextConfigurationAttributes@77de5b3 declaringClass = 'demoapp.DemoappApplicationTests', classes = '{class demoapp.DemoappApplication}', locations = '{}', inheritLocations = true, initializers = '{}', inheritInitializers = true, name = [null], contextLoaderClass = 'org.springframework.boot.test.SpringApplicationContextLoader']
11:18:01.884 [Test worker] DEBUG o.s.t.c.support.ActiveProfilesUtils - Could not find an 'annotation declaring class' for annotation type [org.springframework.test.context.ActiveProfiles] and class [demoapp.DemoappApplicationTests]
11:18:01.891 [Test worker] DEBUG o.s.t.c.w.WebTestContextBootstrapper - @TestExecutionListeners is not present for class [demoapp.DemoappApplicationTests]: using defaults.
11:18:01.904 [Test worker] INFO  o.s.t.c.w.WebTestContextBootstrapper - Loaded default TestExecutionListener class names from location [META-INF/spring.factories]: [org.springframework.test.context.web.ServletTestExecutionListener, org.springframework.test.context.support.DependencyInjectionTestExecutionListener, org.springframework.test.context.support.DirtiesContextTestExecutionListener, org.springframework.test.context.transaction.TransactionalTestExecutionListener, org.springframework.test.context.jdbc.SqlScriptsTestExecutionListener]
11:18:01.943 [Test worker] INFO  o.s.t.c.w.WebTestContextBootstrapper - Using TestExecutionListeners: [org.springframework.test.context.web.ServletTestExecutionListener@567285a4, org.springframework.test.context.support.DependencyInjectionTestExecutionListener@7ffc50ff, org.springframework.test.context.support.DirtiesContextTestExecutionListener@2664c0c7, org.springframework.test.context.transaction.TransactionalTestExecutionListener@71acbeed, org.springframework.test.context.jdbc.SqlScriptsTestExecutionListener@33b14ad9]
11:18:01.947 [Test worker] DEBUG o.s.t.annotation.ProfileValueUtils - Retrieved @ProfileValueSourceConfiguration [null] for test class [demoapp.DemoappApplicationTests]
11:18:01.949 [Test worker] DEBUG o.s.t.annotation.ProfileValueUtils - Retrieved ProfileValueSource type [class org.springframework.test.annotation.SystemProfileValueSource] for class [demoapp.DemoappApplicationTests]
11:18:01.954 [Test worker] DEBUG o.s.t.annotation.ProfileValueUtils - Retrieved @ProfileValueSourceConfiguration [null] for test class [demoapp.DemoappApplicationTests]
11:18:01.955 [Test worker] DEBUG o.s.t.annotation.ProfileValueUtils - Retrieved ProfileValueSource type [class org.springframework.test.annotation.SystemProfileValueSource] for class [demoapp.DemoappApplicationTests]
11:18:01.957 [Test worker] DEBUG o.s.t.annotation.ProfileValueUtils - Retrieved @ProfileValueSourceConfiguration [null] for test class [demoapp.DemoappApplicationTests]
11:18:01.958 [Test worker] DEBUG o.s.t.annotation.ProfileValueUtils - Retrieved ProfileValueSource type [class org.springframework.test.annotation.SystemProfileValueSource] for class [demoapp.DemoappApplicationTests]
11:18:01.961 [Test worker] DEBUG o.s.t.annotation.ProfileValueUtils - Retrieved @ProfileValueSourceConfiguration [null] for test class [demoapp.DemoappApplicationTests]
11:18:01.962 [Test worker] DEBUG o.s.t.annotation.ProfileValueUtils - Retrieved ProfileValueSource type [class org.springframework.test.annotation.SystemProfileValueSource] for class [demoapp.DemoappApplicationTests]
11:18:02.068 [Test worker] DEBUG o.s.core.env.StandardEnvironment - Adding [systemProperties] PropertySource with lowest search precedence
11:18:02.072 [Test worker] DEBUG o.s.core.env.StandardEnvironment - Adding [systemEnvironment] PropertySource with lowest search precedence
11:18:02.073 [Test worker] DEBUG o.s.core.env.StandardEnvironment - Initialized StandardEnvironment with PropertySources [systemProperties,systemEnvironment]
11:18:02.076 [Test worker] DEBUG o.s.core.env.StandardEnvironment - Adding [integrationTest] PropertySource with search precedence immediately lower than [systemEnvironment]

  .   ____          _            __ _ _
 /\\ / ___'_ __ _ _(_)_ __  __ _ \ \ \ \
( ( )\___ | '_ | '_| | '_ \/ _` | \ \ \ \
 \\/  ___)| |_)| | | | | || (_| |  ) ) ) )
  '  |____| .__|_| |_|_| |_\__, | / / / /
 =========|_|==============|___/=/_/_/_/
 :: Spring Boot ::        (v1.2.5.RELEASE)

2015-08-17 11:18:02.487  INFO 4523 --- [    Test worker] demoapp.DemoappApplicationTests          : Starting DemoappApplicationTests on djubuntuvm with PID 4523 (/home/dono/Documents/git/checklist/demoapp/build/classes/test started by dono in /home/dono/Documents/git/checklist/demoapp)
2015-08-17 11:18:02.611  INFO 4523 --- [    Test worker] o.s.w.c.s.GenericWebApplicationContext   : Refreshing org.springframework.web.context.support.GenericWebApplicationContext@71ec0ad9: startup date [Mon Aug 17 11:18:02 CDT 2015]; root of context hierarchy
2015-08-17 11:18:04.229  INFO 4523 --- [    Test worker] o.s.b.f.s.DefaultListableBeanFactory     : Overriding bean definition for bean 'beanNameViewResolver': replacing [Root bean: class [null]; scope=; abstract=false; lazyInit=false; autowireMode=3; dependencyCheck=0; autowireCandidate=true; primary=false; factoryBeanName=org.springframework.boot.autoconfigure.web.ErrorMvcAutoConfiguration$WhitelabelErrorViewConfiguration; factoryMethodName=beanNameViewResolver; initMethodName=null; destroyMethodName=(inferred); defined in class path resource [org/springframework/boot/autoconfigure/web/ErrorMvcAutoConfiguration$WhitelabelErrorViewConfiguration.class]] with [Root bean: class [null]; scope=; abstract=false; lazyInit=false; autowireMode=3; dependencyCheck=0; autowireCandidate=true; primary=false; factoryBeanName=org.springframework.boot.autoconfigure.web.WebMvcAutoConfiguration$WebMvcAutoConfigurationAdapter; factoryMethodName=beanNameViewResolver; initMethodName=null; destroyMethodName=(inferred); defined in class path resource [org/springframework/boot/autoconfigure/web/WebMvcAutoConfiguration$WebMvcAutoConfigurationAdapter.class]]
2015-08-17 11:18:04.868  INFO 4523 --- [    Test worker] f.a.AutowiredAnnotationBeanPostProcessor : JSR-330 'javax.inject.Inject' annotation found and supported for autowiring
2015-08-17 11:18:05.304  INFO 4523 --- [    Test worker] trationDelegate$BeanPostProcessorChecker : Bean 'org.springframework.transaction.annotation.ProxyTransactionManagementConfiguration' of type [class org.springframework.transaction.annotation.ProxyTransactionManagementConfiguration$$EnhancerBySpringCGLIB$$585063b] is not eligible for getting processed by all BeanPostProcessors (for example: not eligible for auto-proxying)
2015-08-17 11:18:05.331  INFO 4523 --- [    Test worker] trationDelegate$BeanPostProcessorChecker : Bean 'transactionAttributeSource' of type [class org.springframework.transaction.annotation.AnnotationTransactionAttributeSource] is not eligible for getting processed by all BeanPostProcessors (for example: not eligible for auto-proxying)
2015-08-17 11:18:05.343  INFO 4523 --- [    Test worker] trationDelegate$BeanPostProcessorChecker : Bean 'transactionInterceptor' of type [class org.springframework.transaction.interceptor.TransactionInterceptor] is not eligible for getting processed by all BeanPostProcessors (for example: not eligible for auto-proxying)
2015-08-17 11:18:05.350  INFO 4523 --- [    Test worker] trationDelegate$BeanPostProcessorChecker : Bean 'org.springframework.transaction.config.internalTransactionAdvisor' of type [class org.springframework.transaction.interceptor.BeanFactoryTransactionAttributeSourceAdvisor] is not eligible for getting processed by all BeanPostProcessors (for example: not eligible for auto-proxying)
2015-08-17 11:18:05.976  INFO 4523 --- [    Test worker] j.LocalContainerEntityManagerFactoryBean : Building JPA container EntityManagerFactory for persistence unit 'default'
2015-08-17 11:18:06.009  INFO 4523 --- [    Test worker] o.hibernate.jpa.internal.util.LogHelper  : HHH000204: Processing PersistenceUnitInfo [
	name: default
	...]
2015-08-17 11:18:06.291  INFO 4523 --- [    Test worker] org.hibernate.Version                    : HHH000412: Hibernate Core {4.3.10.Final}
2015-08-17 11:18:06.293  INFO 4523 --- [    Test worker] org.hibernate.cfg.Environment            : HHH000206: hibernate.properties not found
2015-08-17 11:18:06.296  INFO 4523 --- [    Test worker] org.hibernate.cfg.Environment            : HHH000021: Bytecode provider name : javassist
2015-08-17 11:18:06.903  INFO 4523 --- [    Test worker] o.hibernate.annotations.common.Version   : HCANN000001: Hibernate Commons Annotations {4.0.5.Final}
2015-08-17 11:18:07.776  INFO 4523 --- [    Test worker] org.hibernate.dialect.Dialect            : HHH000400: Using dialect: org.hibernate.dialect.MySQL5Dialect
2015-08-17 11:18:08.085  INFO 4523 --- [    Test worker] o.h.h.i.ast.ASTQueryTranslatorFactory    : HHH000397: Using ASTQueryTranslatorFactory
2015-08-17 11:18:08.671  INFO 4523 --- [    Test worker] org.hibernate.tool.hbm2ddl.SchemaExport  : HHH000227: Running hbm2ddl schema export
Hibernate: alter table checklist_item drop foreign key FK_gtocgeesr451nw4d2x6qysilf
Hibernate: drop table if exists checklist
Hibernate: drop table if exists checklist_item
Hibernate: create table checklist (id integer not null auto_increment, last_modified datetime not null, name varchar(50) not null, primary key (id))
Hibernate: create table checklist_item (id integer not null auto_increment, checklist_id integer not null, completed datetime, last_modified datetime not null, name varchar(50) not null, primary key (id))
Hibernate: alter table checklist_item add constraint FK_gtocgeesr451nw4d2x6qysilf foreign key (checklist_id) references checklist (id)
2015-08-17 11:18:09.224  INFO 4523 --- [    Test worker] org.hibernate.tool.hbm2ddl.SchemaExport  : HHH000230: Schema export complete
2015-08-17 11:18:11.563  INFO 4523 --- [    Test worker] s.w.s.m.m.a.RequestMappingHandlerAdapter : Looking for @ControllerAdvice: org.springframework.web.context.support.GenericWebApplicationContext@71ec0ad9: startup date [Mon Aug 17 11:18:02 CDT 2015]; root of context hierarchy
2015-08-17 11:18:11.664  INFO 4523 --- [    Test worker] s.w.s.m.m.a.RequestMappingHandlerMapping : Mapped "{[/api/checklist/ || /api/checklist],methods=[GET]}" onto public java.util.List<demoapp.domain.Checklist> demoapp.controller.ChecklistController.getAllChecklists()
2015-08-17 11:18:11.664  INFO 4523 --- [    Test worker] s.w.s.m.m.a.RequestMappingHandlerMapping : Mapped "{[/api/checklist/post || /api/checklist/post/],methods=[POST]}" onto public demoapp.domain.Checklist demoapp.controller.ChecklistController.createChecklist(demoapp.domain.Checklist)
2015-08-17 11:18:11.665  INFO 4523 --- [    Test worker] s.w.s.m.m.a.RequestMappingHandlerMapping : Mapped "{[/api/checklist/put/{id} || /api/checklist/put/{id}/],methods=[PUT]}" onto public demoapp.domain.Checklist demoapp.controller.ChecklistController.updateChecklist(int,demoapp.domain.Checklist)
2015-08-17 11:18:11.665  INFO 4523 --- [    Test worker] s.w.s.m.m.a.RequestMappingHandlerMapping : Mapped "{[/api/checklist/delete/{id} || /api/checklist/delete/{id}/],methods=[DELETE]}" onto public boolean demoapp.controller.ChecklistController.deleteChecklist(int)
2015-08-17 11:18:11.666  INFO 4523 --- [    Test worker] s.w.s.m.m.a.RequestMappingHandlerMapping : Mapped "{[/api/checklist/{id} || /api/checklist/{id}/],methods=[GET]}" onto public demoapp.domain.Checklist demoapp.controller.ChecklistController.getChecklist(int)
2015-08-17 11:18:11.669  INFO 4523 --- [    Test worker] s.w.s.m.m.a.RequestMappingHandlerMapping : Mapped "{[/api/checklistitem/{id} || /api/checklistitem/{id}/],methods=[GET]}" onto public demoapp.domain.ChecklistItem demoapp.controller.ChecklistItemController.getChecklistItem(int)
2015-08-17 11:18:11.671  INFO 4523 --- [    Test worker] s.w.s.m.m.a.RequestMappingHandlerMapping : Mapped "{[/api/checklistitem/ || /api/checklistitem],methods=[GET]}" onto public java.util.List<demoapp.domain.ChecklistItem> demoapp.controller.ChecklistItemController.getAllChecklistItems(java.lang.Integer)
2015-08-17 11:18:11.673  INFO 4523 --- [    Test worker] s.w.s.m.m.a.RequestMappingHandlerMapping : Mapped "{[/api/checklistitem/post || /api/checklistitem/post/],methods=[POST]}" onto public demoapp.domain.ChecklistItem demoapp.controller.ChecklistItemController.createChecklist(demoapp.domain.ChecklistItem)
2015-08-17 11:18:11.674  INFO 4523 --- [    Test worker] s.w.s.m.m.a.RequestMappingHandlerMapping : Mapped "{[/api/checklistitem/put/{id} || /api/checklistitem/put/{id}/],methods=[PUT]}" onto public demoapp.domain.ChecklistItem demoapp.controller.ChecklistItemController.updateChecklist(int,demoapp.domain.ChecklistItem)
2015-08-17 11:18:11.674  INFO 4523 --- [    Test worker] s.w.s.m.m.a.RequestMappingHandlerMapping : Mapped "{[/api/checklistitem/delete/{id} || /api/checklistitem/delete/{id}/],methods=[DELETE]}" onto public boolean demoapp.controller.ChecklistItemController.deleteChecklist(int)
2015-08-17 11:18:11.676  INFO 4523 --- [    Test worker] s.w.s.m.m.a.RequestMappingHandlerMapping : Mapped "{[/error],produces=[text/html]}" onto public org.springframework.web.servlet.ModelAndView org.springframework.boot.autoconfigure.web.BasicErrorController.errorHtml(javax.servlet.http.HttpServletRequest)
2015-08-17 11:18:11.676  INFO 4523 --- [    Test worker] s.w.s.m.m.a.RequestMappingHandlerMapping : Mapped "{[/error]}" onto public org.springframework.http.ResponseEntity<java.util.Map<java.lang.String, java.lang.Object>> org.springframework.boot.autoconfigure.web.BasicErrorController.error(javax.servlet.http.HttpServletRequest)
2015-08-17 11:18:11.728  INFO 4523 --- [    Test worker] o.s.w.s.handler.SimpleUrlHandlerMapping  : Mapped URL path [/webjars/**] onto handler of type [class org.springframework.web.servlet.resource.ResourceHttpRequestHandler]
2015-08-17 11:18:11.728  INFO 4523 --- [    Test worker] o.s.w.s.handler.SimpleUrlHandlerMapping  : Mapped URL path [/**] onto handler of type [class org.springframework.web.servlet.resource.ResourceHttpRequestHandler]
2015-08-17 11:18:11.790  INFO 4523 --- [    Test worker] o.s.w.s.handler.SimpleUrlHandlerMapping  : Mapped URL path [/**/favicon.ico] onto handler of type [class org.springframework.web.servlet.resource.ResourceHttpRequestHandler]
2015-08-17 11:18:12.198  INFO 4523 --- [    Test worker] demoapp.DemoappApplicationTests          : Started DemoappApplicationTests in 10.089 seconds (JVM running for 12.123)
]]></system-out>
  <system-err><![CDATA[]]></system-err>
</testsuite>
