<?xml version="1.0" encoding="UTF-8"?>
<testsuite name="demoapp.DemoappApplicationTests" tests="1" skipped="0" failures="0" errors="0" timestamp="2015-08-14T16:23:54" hostname="djubuntuvm" time="0.006">
  <properties/>
  <testcase name="contextLoads" classname="demoapp.DemoappApplicationTests" time="0.006"/>
  <system-out><![CDATA[11:23:44.312 [Test worker] DEBUG o.s.t.c.j.SpringJUnit4ClassRunner - SpringJUnit4ClassRunner constructor called with [class demoapp.DemoappApplicationTests].
11:23:44.335 [Test worker] DEBUG o.s.test.context.BootstrapUtils - Instantiating TestContextBootstrapper from class [org.springframework.test.context.web.WebTestContextBootstrapper]
11:23:44.369 [Test worker] DEBUG o.s.t.c.w.WebTestContextBootstrapper - Found explicit ContextLoader class [org.springframework.boot.test.SpringApplicationContextLoader] for context configuration attributes [ContextConfigurationAttributes@61c65b13 declaringClass = 'demoapp.DemoappApplicationTests', classes = '{class demoapp.DemoappApplication}', locations = '{}', inheritLocations = true, initializers = '{}', inheritInitializers = true, name = [null], contextLoaderClass = 'org.springframework.boot.test.SpringApplicationContextLoader']
11:23:44.380 [Test worker] DEBUG o.s.t.c.support.ActiveProfilesUtils - Could not find an 'annotation declaring class' for annotation type [org.springframework.test.context.ActiveProfiles] and class [demoapp.DemoappApplicationTests]
11:23:44.387 [Test worker] DEBUG o.s.t.c.w.WebTestContextBootstrapper - @TestExecutionListeners is not present for class [demoapp.DemoappApplicationTests]: using defaults.
11:23:44.404 [Test worker] INFO  o.s.t.c.w.WebTestContextBootstrapper - Loaded default TestExecutionListener class names from location [META-INF/spring.factories]: [org.springframework.test.context.web.ServletTestExecutionListener, org.springframework.test.context.support.DependencyInjectionTestExecutionListener, org.springframework.test.context.support.DirtiesContextTestExecutionListener, org.springframework.test.context.transaction.TransactionalTestExecutionListener, org.springframework.test.context.jdbc.SqlScriptsTestExecutionListener]
11:23:44.432 [Test worker] INFO  o.s.t.c.w.WebTestContextBootstrapper - Using TestExecutionListeners: [org.springframework.test.context.web.ServletTestExecutionListener@7e98a767, org.springframework.test.context.support.DependencyInjectionTestExecutionListener@7d87c4f, org.springframework.test.context.support.DirtiesContextTestExecutionListener@6e9983e9, org.springframework.test.context.transaction.TransactionalTestExecutionListener@44f85227, org.springframework.test.context.jdbc.SqlScriptsTestExecutionListener@7fe07640]
11:23:44.435 [Test worker] DEBUG o.s.t.annotation.ProfileValueUtils - Retrieved @ProfileValueSourceConfiguration [null] for test class [demoapp.DemoappApplicationTests]
11:23:44.436 [Test worker] DEBUG o.s.t.annotation.ProfileValueUtils - Retrieved ProfileValueSource type [class org.springframework.test.annotation.SystemProfileValueSource] for class [demoapp.DemoappApplicationTests]
11:23:44.440 [Test worker] DEBUG o.s.t.annotation.ProfileValueUtils - Retrieved @ProfileValueSourceConfiguration [null] for test class [demoapp.DemoappApplicationTests]
11:23:44.441 [Test worker] DEBUG o.s.t.annotation.ProfileValueUtils - Retrieved ProfileValueSource type [class org.springframework.test.annotation.SystemProfileValueSource] for class [demoapp.DemoappApplicationTests]
11:23:44.442 [Test worker] DEBUG o.s.t.annotation.ProfileValueUtils - Retrieved @ProfileValueSourceConfiguration [null] for test class [demoapp.DemoappApplicationTests]
11:23:44.443 [Test worker] DEBUG o.s.t.annotation.ProfileValueUtils - Retrieved ProfileValueSource type [class org.springframework.test.annotation.SystemProfileValueSource] for class [demoapp.DemoappApplicationTests]
11:23:44.447 [Test worker] DEBUG o.s.t.annotation.ProfileValueUtils - Retrieved @ProfileValueSourceConfiguration [null] for test class [demoapp.DemoappApplicationTests]
11:23:44.448 [Test worker] DEBUG o.s.t.annotation.ProfileValueUtils - Retrieved ProfileValueSource type [class org.springframework.test.annotation.SystemProfileValueSource] for class [demoapp.DemoappApplicationTests]
11:23:44.557 [Test worker] DEBUG o.s.core.env.StandardEnvironment - Adding [systemProperties] PropertySource with lowest search precedence
11:23:44.561 [Test worker] DEBUG o.s.core.env.StandardEnvironment - Adding [systemEnvironment] PropertySource with lowest search precedence
11:23:44.562 [Test worker] DEBUG o.s.core.env.StandardEnvironment - Initialized StandardEnvironment with PropertySources [systemProperties,systemEnvironment]
11:23:44.566 [Test worker] DEBUG o.s.core.env.StandardEnvironment - Adding [integrationTest] PropertySource with search precedence immediately lower than [systemEnvironment]

  .   ____          _            __ _ _
 /\\ / ___'_ __ _ _(_)_ __  __ _ \ \ \ \
( ( )\___ | '_ | '_| | '_ \/ _` | \ \ \ \
 \\/  ___)| |_)| | | | | || (_| |  ) ) ) )
  '  |____| .__|_| |_|_| |_\__, | / / / /
 =========|_|==============|___/=/_/_/_/
 :: Spring Boot ::        (v1.2.5.RELEASE)

2015-08-14 11:23:44.972  INFO 6212 --- [    Test worker] demoapp.DemoappApplicationTests          : Starting DemoappApplicationTests on djubuntuvm with PID 6212 (/home/dono/Desktop/demoapp/build/classes/test started by dono in /home/dono/Desktop/demoapp)
2015-08-14 11:23:45.094  INFO 6212 --- [    Test worker] o.s.w.c.s.GenericWebApplicationContext   : Refreshing org.springframework.web.context.support.GenericWebApplicationContext@5b18fe28: startup date [Fri Aug 14 11:23:45 CDT 2015]; root of context hierarchy
2015-08-14 11:23:46.620  INFO 6212 --- [    Test worker] o.s.b.f.s.DefaultListableBeanFactory     : Overriding bean definition for bean 'beanNameViewResolver': replacing [Root bean: class [null]; scope=; abstract=false; lazyInit=false; autowireMode=3; dependencyCheck=0; autowireCandidate=true; primary=false; factoryBeanName=org.springframework.boot.autoconfigure.web.ErrorMvcAutoConfiguration$WhitelabelErrorViewConfiguration; factoryMethodName=beanNameViewResolver; initMethodName=null; destroyMethodName=(inferred); defined in class path resource [org/springframework/boot/autoconfigure/web/ErrorMvcAutoConfiguration$WhitelabelErrorViewConfiguration.class]] with [Root bean: class [null]; scope=; abstract=false; lazyInit=false; autowireMode=3; dependencyCheck=0; autowireCandidate=true; primary=false; factoryBeanName=org.springframework.boot.autoconfigure.web.WebMvcAutoConfiguration$WebMvcAutoConfigurationAdapter; factoryMethodName=beanNameViewResolver; initMethodName=null; destroyMethodName=(inferred); defined in class path resource [org/springframework/boot/autoconfigure/web/WebMvcAutoConfiguration$WebMvcAutoConfigurationAdapter.class]]
2015-08-14 11:23:47.202  INFO 6212 --- [    Test worker] f.a.AutowiredAnnotationBeanPostProcessor : JSR-330 'javax.inject.Inject' annotation found and supported for autowiring
2015-08-14 11:23:47.583  INFO 6212 --- [    Test worker] trationDelegate$BeanPostProcessorChecker : Bean 'org.springframework.transaction.annotation.ProxyTransactionManagementConfiguration' of type [class org.springframework.transaction.annotation.ProxyTransactionManagementConfiguration$$EnhancerBySpringCGLIB$$cb287482] is not eligible for getting processed by all BeanPostProcessors (for example: not eligible for auto-proxying)
2015-08-14 11:23:47.611  INFO 6212 --- [    Test worker] trationDelegate$BeanPostProcessorChecker : Bean 'transactionAttributeSource' of type [class org.springframework.transaction.annotation.AnnotationTransactionAttributeSource] is not eligible for getting processed by all BeanPostProcessors (for example: not eligible for auto-proxying)
2015-08-14 11:23:47.623  INFO 6212 --- [    Test worker] trationDelegate$BeanPostProcessorChecker : Bean 'transactionInterceptor' of type [class org.springframework.transaction.interceptor.TransactionInterceptor] is not eligible for getting processed by all BeanPostProcessors (for example: not eligible for auto-proxying)
2015-08-14 11:23:47.631  INFO 6212 --- [    Test worker] trationDelegate$BeanPostProcessorChecker : Bean 'org.springframework.transaction.config.internalTransactionAdvisor' of type [class org.springframework.transaction.interceptor.BeanFactoryTransactionAttributeSourceAdvisor] is not eligible for getting processed by all BeanPostProcessors (for example: not eligible for auto-proxying)
2015-08-14 11:23:48.363  INFO 6212 --- [    Test worker] j.LocalContainerEntityManagerFactoryBean : Building JPA container EntityManagerFactory for persistence unit 'default'
2015-08-14 11:23:48.401  INFO 6212 --- [    Test worker] o.hibernate.jpa.internal.util.LogHelper  : HHH000204: Processing PersistenceUnitInfo [
	name: default
	...]
2015-08-14 11:23:48.661  INFO 6212 --- [    Test worker] org.hibernate.Version                    : HHH000412: Hibernate Core {4.3.10.Final}
2015-08-14 11:23:48.664  INFO 6212 --- [    Test worker] org.hibernate.cfg.Environment            : HHH000206: hibernate.properties not found
2015-08-14 11:23:48.668  INFO 6212 --- [    Test worker] org.hibernate.cfg.Environment            : HHH000021: Bytecode provider name : javassist
2015-08-14 11:23:49.027  INFO 6212 --- [    Test worker] o.hibernate.annotations.common.Version   : HCANN000001: Hibernate Commons Annotations {4.0.5.Final}
2015-08-14 11:23:49.890  INFO 6212 --- [    Test worker] org.hibernate.dialect.Dialect            : HHH000400: Using dialect: org.hibernate.dialect.MySQL5Dialect
2015-08-14 11:23:50.162  INFO 6212 --- [    Test worker] o.h.h.i.ast.ASTQueryTranslatorFactory    : HHH000397: Using ASTQueryTranslatorFactory
2015-08-14 11:23:50.827  INFO 6212 --- [    Test worker] org.hibernate.tool.hbm2ddl.SchemaExport  : HHH000227: Running hbm2ddl schema export
Hibernate: alter table checklist_item drop foreign key FK_gtocgeesr451nw4d2x6qysilf
Hibernate: drop table if exists checklist
Hibernate: drop table if exists checklist_item
Hibernate: create table checklist (id integer not null auto_increment, last_modified datetime not null, name varchar(50) not null, primary key (id))
Hibernate: create table checklist_item (id integer not null auto_increment, checklist_id integer not null, completed datetime, last_modified datetime not null, name varchar(50) not null, primary key (id))
Hibernate: alter table checklist_item add constraint FK_gtocgeesr451nw4d2x6qysilf foreign key (checklist_id) references checklist (id)
2015-08-14 11:23:51.365  INFO 6212 --- [    Test worker] org.hibernate.tool.hbm2ddl.SchemaExport  : HHH000230: Schema export complete
2015-08-14 11:23:53.919  INFO 6212 --- [    Test worker] s.w.s.m.m.a.RequestMappingHandlerAdapter : Looking for @ControllerAdvice: org.springframework.web.context.support.GenericWebApplicationContext@5b18fe28: startup date [Fri Aug 14 11:23:45 CDT 2015]; root of context hierarchy
2015-08-14 11:23:54.224  INFO 6212 --- [    Test worker] s.w.s.m.m.a.RequestMappingHandlerMapping : Mapped "{[/api/checklist/delete/{id} || /api/checklist/delete/{id}/],methods=[DELETE]}" onto public boolean demoapp.controller.ChecklistController.deleteChecklist(int)
2015-08-14 11:23:54.225  INFO 6212 --- [    Test worker] s.w.s.m.m.a.RequestMappingHandlerMapping : Mapped "{[/api/checklist/post || /api/checklist/post/],methods=[POST]}" onto public demoapp.domain.Checklist demoapp.controller.ChecklistController.createChecklist(demoapp.domain.Checklist)
2015-08-14 11:23:54.226  INFO 6212 --- [    Test worker] s.w.s.m.m.a.RequestMappingHandlerMapping : Mapped "{[/api/checklist/put/{id} || /api/checklist/put/{id}/],methods=[PUT]}" onto public demoapp.domain.Checklist demoapp.controller.ChecklistController.updateChecklist(int,demoapp.domain.Checklist)
2015-08-14 11:23:54.227  INFO 6212 --- [    Test worker] s.w.s.m.m.a.RequestMappingHandlerMapping : Mapped "{[/api/checklist/{id} || /api/checklist/{id}/],methods=[GET]}" onto public demoapp.domain.Checklist demoapp.controller.ChecklistController.getChecklist(int)
2015-08-14 11:23:54.228  INFO 6212 --- [    Test worker] s.w.s.m.m.a.RequestMappingHandlerMapping : Mapped "{[/api/checklist/ || /api/checklist],methods=[GET]}" onto public java.util.List<demoapp.domain.Checklist> demoapp.controller.ChecklistController.getAllChecklists()
2015-08-14 11:23:54.235  INFO 6212 --- [    Test worker] s.w.s.m.m.a.RequestMappingHandlerMapping : Mapped "{[/api/checklistitem/delete/{id} || /api/checklistitem/delete/{id}/],methods=[DELETE]}" onto public boolean demoapp.controller.ChecklistItemController.deleteChecklist(int)
2015-08-14 11:23:54.236  INFO 6212 --- [    Test worker] s.w.s.m.m.a.RequestMappingHandlerMapping : Mapped "{[/api/checklistitem/post || /api/checklistitem/post/],methods=[POST]}" onto public demoapp.domain.ChecklistItem demoapp.controller.ChecklistItemController.createChecklist(demoapp.domain.ChecklistItem)
2015-08-14 11:23:54.236  INFO 6212 --- [    Test worker] s.w.s.m.m.a.RequestMappingHandlerMapping : Mapped "{[/api/checklistitem/put/{id} || /api/checklistitem/put/{id}/],methods=[PUT]}" onto public demoapp.domain.ChecklistItem demoapp.controller.ChecklistItemController.updateChecklist(int,demoapp.domain.ChecklistItem)
2015-08-14 11:23:54.237  INFO 6212 --- [    Test worker] s.w.s.m.m.a.RequestMappingHandlerMapping : Mapped "{[/api/checklistitem/{id} || /api/checklistitem/{id}/],methods=[GET]}" onto public demoapp.domain.ChecklistItem demoapp.controller.ChecklistItemController.getChecklistItem(int)
2015-08-14 11:23:54.238  INFO 6212 --- [    Test worker] s.w.s.m.m.a.RequestMappingHandlerMapping : Mapped "{[/api/checklistitem/ || /api/checklistitem],methods=[GET]}" onto public java.util.List<demoapp.domain.ChecklistItem> demoapp.controller.ChecklistItemController.getAllChecklistItems(java.lang.Integer)
2015-08-14 11:23:54.244  INFO 6212 --- [    Test worker] s.w.s.m.m.a.RequestMappingHandlerMapping : Mapped "{[/error],produces=[text/html]}" onto public org.springframework.web.servlet.ModelAndView org.springframework.boot.autoconfigure.web.BasicErrorController.errorHtml(javax.servlet.http.HttpServletRequest)
2015-08-14 11:23:54.244  INFO 6212 --- [    Test worker] s.w.s.m.m.a.RequestMappingHandlerMapping : Mapped "{[/error]}" onto public org.springframework.http.ResponseEntity<java.util.Map<java.lang.String, java.lang.Object>> org.springframework.boot.autoconfigure.web.BasicErrorController.error(javax.servlet.http.HttpServletRequest)
2015-08-14 11:23:54.329  INFO 6212 --- [    Test worker] o.s.w.s.handler.SimpleUrlHandlerMapping  : Mapped URL path [/webjars/**] onto handler of type [class org.springframework.web.servlet.resource.ResourceHttpRequestHandler]
2015-08-14 11:23:54.329  INFO 6212 --- [    Test worker] o.s.w.s.handler.SimpleUrlHandlerMapping  : Mapped URL path [/**] onto handler of type [class org.springframework.web.servlet.resource.ResourceHttpRequestHandler]
2015-08-14 11:23:54.413  INFO 6212 --- [    Test worker] o.s.w.s.handler.SimpleUrlHandlerMapping  : Mapped URL path [/**/favicon.ico] onto handler of type [class org.springframework.web.servlet.resource.ResourceHttpRequestHandler]
2015-08-14 11:23:54.916  INFO 6212 --- [    Test worker] demoapp.DemoappApplicationTests          : Started DemoappApplicationTests in 10.336 seconds (JVM running for 12.422)
]]></system-out>
  <system-err><![CDATA[]]></system-err>
</testsuite>
